<?xml version="1.0" encoding="UTF-8"?>
<testsuite xmlns:xsi="http://www.w3.org/2001/XMLSchema-instance" xsi:noNamespaceSchemaLocation="https://maven.apache.org/surefire/maven-surefire-plugin/xsd/surefire-test-report-3.0.xsd" version="3.0" name="com.smartlibraryplus.LoanIntegrationTest" time="4.455" tests="1" errors="0" skipped="0" failures="0">
  <properties>
[...]
</properties>
  <testcase name="testLoanAndReturn" classname="com.smartlibraryplus.LoanIntegrationTest" time="4.452">
    <system-out><![CDATA[Hibernate: 
    /* select
        max(id) 
    from
        Book */ select
            max(book0_.id) as col_0_0_ 
        from
            books book0_
Hibernate: 
    /* insert com.smartlibraryplus.entity.Book
        */ insert 
        into
            books
            (author, status, title, year, id) 
        values
            (?, ?, ?, ?, ?)
Hibernate: 
    /* select
        max(id) 
    from
        Student */ select
            max(student0_.id) as col_0_0_ 
        from
            students student0_
Hibernate: 
    /* insert com.smartlibraryplus.entity.Student
        */ insert 
        into
            students
            (department, name, id) 
        values
            (?, ?, ?)
Hibernate: 
    select
        student0_.id as id1_2_0_,
        student0_.department as departme2_2_0_,
        student0_.name as name3_2_0_ 
    from
        students student0_ 
    where
        student0_.id=?
Hibernate: 
    select
        book0_.id as id1_0_0_,
        book0_.author as author2_0_0_,
        book0_.status as status3_0_0_,
        book0_.title as title4_0_0_,
        book0_.year as year5_0_0_ 
    from
        books book0_ 
    where
        book0_.id=?
Hibernate: 
    /* select
        max(id) 
    from
        Loan */ select
            max(loan0_.id) as col_0_0_ 
        from
            loans loan0_
Hibernate: 
    /* insert com.smartlibraryplus.entity.Loan
        */ insert 
        into
            loans
            (book_id, borrowDate, returnDate, student_id, id) 
        values
            (?, ?, ?, ?, ?)
Hibernate: 
    /* update
        com.smartlibraryplus.entity.Book */ update
            books 
        set
            author=?,
            status=?,
            title=?,
            year=? 
        where
            id=?
Hibernate: 
    select
        book0_.id as id1_0_0_,
        book0_.author as author2_0_0_,
        book0_.status as status3_0_0_,
        book0_.title as title4_0_0_,
        book0_.year as year5_0_0_ 
    from
        books book0_ 
    where
        book0_.id=?
Hibernate: 
    select
        loan0_.id as id1_1_0_,
        loan0_.book_id as book_id4_1_0_,
        loan0_.borrowDate as borrowda2_1_0_,
        loan0_.returnDate as returnda3_1_0_,
        loan0_.student_id as student_5_1_0_,
        book1_.id as id1_0_1_,
        book1_.author as author2_0_1_,
        book1_.status as status3_0_1_,
        book1_.title as title4_0_1_,
        book1_.year as year5_0_1_,
        student2_.id as id1_2_2_,
        student2_.department as departme2_2_2_,
        student2_.name as name3_2_2_ 
    from
        loans loan0_ 
    left outer join
        books book1_ 
            on loan0_.book_id=book1_.id 
    left outer join
        students student2_ 
            on loan0_.student_id=student2_.id 
    where
        loan0_.id=?
Hibernate: 
    /* update
        com.smartlibraryplus.entity.Loan */ update
            loans 
        set
            book_id=?,
            borrowDate=?,
            returnDate=?,
            student_id=? 
        where
            id=?
Hibernate: 
    /* update
        com.smartlibraryplus.entity.Book */ update
            books 
        set
            author=?,
            status=?,
            title=?,
            year=? 
        where
            id=?
Hibernate: 
    select
        book0_.id as id1_0_0_,
        book0_.author as author2_0_0_,
        book0_.status as status3_0_0_,
        book0_.title as title4_0_0_,
        book0_.year as year5_0_0_ 
    from
        books book0_ 
    where
        book0_.id=?
]]></system-out>
    <system-err><![CDATA[Oca 11, 2026 11:21:52 ÖS org.hibernate.Version logVersion
INFO: HHH000412: Hibernate ORM core version 5.6.15.Final
Oca 11, 2026 11:21:53 ÖS org.hibernate.boot.jaxb.internal.stax.LocalXmlResourceResolver resolveEntity
WARN: HHH90000012: Recognized obsolete hibernate namespace http://hibernate.sourceforge.net/hibernate-configuration. Use namespace http://www.hibernate.org/dtd/hibernate-configuration instead.  Support for obsolete DTD/XSD namespaces may be removed at any time.
Oca 11, 2026 11:21:53 ÖS org.hibernate.annotations.common.reflection.java.JavaReflectionManager <clinit>
INFO: HCANN000001: Hibernate Commons Annotations {5.1.2.Final}
Oca 11, 2026 11:21:54 ÖS org.hibernate.engine.jdbc.connections.internal.DriverManagerConnectionProviderImpl configure
WARN: HHH10001002: Using Hibernate built-in connection pool (not for production use!)
Oca 11, 2026 11:21:54 ÖS org.hibernate.engine.jdbc.connections.internal.DriverManagerConnectionProviderImpl buildCreator
INFO: HHH10001005: using driver [org.sqlite.JDBC] at URL [jdbc:sqlite:smartlibraryplus.db]
Oca 11, 2026 11:21:54 ÖS org.hibernate.engine.jdbc.connections.internal.DriverManagerConnectionProviderImpl buildCreator
INFO: HHH10001001: Connection properties: {}
Oca 11, 2026 11:21:54 ÖS org.hibernate.engine.jdbc.connections.internal.DriverManagerConnectionProviderImpl buildCreator
INFO: HHH10001003: Autocommit mode: false
Oca 11, 2026 11:21:54 ÖS org.hibernate.engine.jdbc.connections.internal.DriverManagerConnectionProviderImpl$PooledConnections <init>
INFO: HHH000115: Hibernate connection pool size: 20 (min=1)
Oca 11, 2026 11:21:54 ÖS org.hibernate.dialect.Dialect <init>
INFO: HHH000400: Using dialect: com.smartlibraryplus.dialect.SQLiteDialect
Oca 11, 2026 11:21:56 ÖS org.hibernate.resource.transaction.backend.jdbc.internal.DdlTransactionIsolatorNonJtaImpl getIsolatedConnection
INFO: HHH10001501: Connection obtained from JdbcConnectionAccess [org.hibernate.engine.jdbc.env.internal.JdbcEnvironmentInitiator$ConnectionProviderJdbcConnectionAccess@3bb87d36] for (non-JTA) DDL execution was not in auto-commit mode; the Connection 'local transaction' will be committed and the Connection will be set into auto-commit mode.
Oca 11, 2026 11:21:56 ÖS org.hibernate.engine.transaction.jta.platform.internal.JtaPlatformInitiator initiateService
INFO: HHH000490: Using JtaPlatform implementation: [org.hibernate.engine.transaction.jta.platform.internal.NoJtaPlatform]
]]></system-err>
  </testcase>
</testsuite>